- time_stamp: 0.546585
  marker_positions: 
   0: [0.0, 0.0, 0.0]
   1: [0.0, 0.0, 0.0]
   2: [0.0, 0.0, 0.0]
   3: [0.0, 0.0, 0.0]
- time_stamp: 0.747024
  marker_positions: 
   0: [0.0, 0.0, 0.0]
   1: [0.0, 0.0, 0.0]
   2: [0.0, 0.0, 0.0]
   3: [0.0, 0.0, 0.0]
- time_stamp: 0.947456
  marker_positions: 
   0: [0.0, 0.0, 0.0]
   1: [0.0, 0.0, 0.0]
   2: [0.0, 0.0, 0.0]
   3: [0.0, 0.0, 0.0]
- time_stamp: 1.147862
  marker_positions: 
   0: [0.0, 0.0, 0.0]
   1: [0.0, 0.0, 0.0]
   2: [0.0, 0.0, 0.0]
   3: [0.0, 0.0, 0.0]
- time_stamp: 1.348272
  marker_positions: 
   0: [0.0, 0.0, 0.0]
   1: [0.0, 0.0, 0.0]
   2: [0.0, 0.0, 0.0]
   3: [0.0, 0.0, 0.0]
