- time_stamp: 0.546135
  marker_positions: 
   0: [0.0, 0.0, 0.0]
   1: [0.0, 0.0, 0.0]
   2: [0.0, 0.0, 0.0]
   3: [0.0, 0.0, 0.0]
- time_stamp: 0.746539
  marker_positions: 
   0: [0.0, 0.0, 0.0]
   1: [0.0, 0.0, 0.0]
   2: [0.0, 0.0, 0.0]
   3: [0.0, 0.0, 0.0]
- time_stamp: 0.946946
  marker_positions: 
   0: [0.0, 0.0, 0.0]
   1: [0.0, 0.0, 0.0]
   2: [0.0, 0.0, 0.0]
   3: [0.0, 0.0, 0.0]
- time_stamp: 1.147358
  marker_positions: 
   0: [0.0, 0.0, 0.0]
   1: [0.0, 0.0, 0.0]
   2: [0.0, 0.0, 0.0]
   3: [0.0, 0.0, 0.0]
- time_stamp: 1.347781
  marker_positions: 
   0: [0.0, 0.0, 0.0]
   1: [0.0, 0.0, 0.0]
   2: [0.0, 0.0, 0.0]
   3: [0.0, 0.0, 0.0]
- time_stamp: 1.548211
  marker_positions: 
   0: [0.0, 0.0, 0.0]
   1: [0.0, 0.0, 0.0]
   2: [0.0, 0.0, 0.0]
   3: [0.0, 0.0, 0.0]
- time_stamp: 1.748636
  marker_positions: 
   0: [0.0, 0.0, 0.0]
   1: [0.0, 0.0, 0.0]
   2: [0.0, 0.0, 0.0]
   3: [0.0, 0.0, 0.0]
- time_stamp: 1.949064
  marker_positions: 
   0: [0.0, 0.0, 0.0]
   1: [0.0, 0.0, 0.0]
   2: [0.0, 0.0, 0.0]
   3: [0.0, 0.0, 0.0]
- time_stamp: 2.149493
  marker_positions: 
   0: [0.0, 0.0, 0.0]
   1: [0.0, 0.0, 0.0]
   2: [0.0, 0.0, 0.0]
   3: [0.0, 0.0, 0.0]
- time_stamp: 2.349921
  marker_positions: 
   0: [0.0, 0.0, 0.0]
   1: [0.0, 0.0, 0.0]
   2: [0.0, 0.0, 0.0]
   3: [0.0, 0.0, 0.0]
- time_stamp: 2.550355
  marker_positions: 
   0: [0.0, 0.0, 0.0]
   1: [0.0, 0.0, 0.0]
   2: [0.0, 0.0, 0.0]
   3: [0.0, 0.0, 0.0]
